"The access history in hive \??\C:\Users\MACHENIKE\AppData\Local\Packages\MicrosoftWindows.CrossDevice_cw5n1h2txyewy\SystemAppData\Helium\User.dat was cleared updating 1 keys and creating 1 modified pages.","16","0",,"4","0","0","-9223372036854775808","11807","Microsoft-Windows-Kernel-General","a68ca8b7-004f-d7b6-a698-07e2de0f1f5d","System","7256","7292","DESKTOP-06BBDHU","S-1-5-18","6/11/2024 2:05:44 PM",,,"System","System.UInt32[]","System.Diagnostics.Eventing.Reader.EventBookmark","Information","Info",,"System.Collections.ObjectModel.ReadOnlyCollection`1[System.String]","System.Collections.Generic.List`1[System.Diagnostics.Eventing.Reader.EventProperty]"
"The Trusted Platform Module (TPM) hardware failed to execute a TPM command.","17","0",,"4","0","0","-9223372036854775808","11806","TPM","1b6b0772-251b-4d42-917d-faca166bc059","System","4","404","DESKTOP-06BBDHU","S-1-5-18","6/11/2024 2:05:43 PM",,,"System","System.UInt32[]","System.Diagnostics.Eventing.Reader.EventBookmark","Information","Info",,"System.Collections.ObjectModel.ReadOnlyCollection`1[System.String]","System.Collections.Generic.List`1[System.Diagnostics.Eventing.Reader.EventProperty]"
"The Trusted Platform Module (TPM) hardware failed to execute a TPM command.","17","0",,"4","0","0","-9223372036854775808","11805","TPM","1b6b0772-251b-4d42-917d-faca166bc059","System","4","404","DESKTOP-06BBDHU","S-1-5-18","6/11/2024 2:05:43 PM",,,"System","System.UInt32[]","System.Diagnostics.Eventing.Reader.EventBookmark","Information","Info",,"System.Collections.ObjectModel.ReadOnlyCollection`1[System.String]","System.Collections.Generic.List`1[System.Diagnostics.Eventing.Reader.EventProperty]"
"The Trusted Platform Module (TPM) hardware failed to execute a TPM command.","17","0",,"4","0","0","-9223372036854775808","11804","TPM","1b6b0772-251b-4d42-917d-faca166bc059","System","4","404","DESKTOP-06BBDHU","S-1-5-18","6/11/2024 2:05:42 PM",,,"System","System.UInt32[]","System.Diagnostics.Eventing.Reader.EventBookmark","Information","Info",,"System.Collections.ObjectModel.ReadOnlyCollection`1[System.String]","System.Collections.Generic.List`1[System.Diagnostics.Eventing.Reader.EventProperty]"
"Process C:\Program Files (x86)\PHotkey\GameSet.exe (process ID:12856) reset policy scheme from {381b4222-f694-41f0-9685-ff5bb260df2e} to {381b4222-f694-41f0-9685-ff5bb260df2e}","12","0",,"4","10","0","4611686018427387904","11803","Microsoft-Windows-UserModePowerService","ce8dee0b-d539-4000-b0f8-77bed049c590","System","1256","1332","DESKTOP-06BBDHU","S-1-5-18","6/11/2024 2:05:36 PM",,,"System","System.UInt32[]","System.Diagnostics.Eventing.Reader.EventBookmark","Information","Info",,"System.Collections.ObjectModel.ReadOnlyCollection`1[System.String]","System.Collections.Generic.List`1[System.Diagnostics.Eventing.Reader.EventProperty]"
"The access history in hive \??\C:\Users\MACHENIKE\AppData\Local\Packages\Microsoft.Windows.StartMenuExperienceHost_cw5n1h2txyewy\Settings\settings.dat was cleared updating 10 keys and creating 1 modified pages.","16","0",,"4","0","0","-9223372036854775808","11802","Microsoft-Windows-Kernel-General","a68ca8b7-004f-d7b6-a698-07e2de0f1f5d","System","11024","11244","DESKTOP-06BBDHU","S-1-5-18","6/11/2024 2:05:32 PM",,,"System","System.UInt32[]","System.Diagnostics.Eventing.Reader.EventBookmark","Information","Info",,"System.Collections.ObjectModel.ReadOnlyCollection`1[System.String]","System.Collections.Generic.List`1[System.Diagnostics.Eventing.Reader.EventProperty]"
"The TPM was successfully provisioned and is now ready for use.","1025","0",,"4","0","0","-9223372036854775808","11801","Microsoft-Windows-TPM-WMI","7d5387b0-cbe0-11da-a94d-0800200c9a66","System","6360","8448","DESKTOP-06BBDHU","S-1-5-18","6/11/2024 2:05:32 PM",,,"System","System.UInt32[]","System.Diagnostics.Eventing.Reader.EventBookmark","Information","Info",,"System.Collections.ObjectModel.ReadOnlyCollection`1[System.String]","System.Collections.Generic.List`1[System.Diagnostics.Eventing.Reader.EventProperty]"
"The access history in hive \??\C:\Users\MACHENIKE\AppData\Local\Packages\MicrosoftWindows.Client.WebExperience_cw5n1h2txyewy\SystemAppData\Helium\UserClasses.dat was cleared updating 31 keys and creating 6 modified pages.","16","0",,"4","0","0","-9223372036854775808","11800","Microsoft-Windows-Kernel-General","a68ca8b7-004f-d7b6-a698-07e2de0f1f5d","System","1256","3104","DESKTOP-06BBDHU","S-1-5-18","6/11/2024 2:05:31 PM",,,"System","System.UInt32[]","System.Diagnostics.Eventing.Reader.EventBookmark","Information","Info",,"System.Collections.ObjectModel.ReadOnlyCollection`1[System.String]","System.Collections.Generic.List`1[System.Diagnostics.Eventing.Reader.EventProperty]"
"The access history in hive \??\C:\Users\MACHENIKE\AppData\Local\Packages\MicrosoftWindows.Client.WebExperience_cw5n1h2txyewy\SystemAppData\Helium\User.dat was cleared updating 37 keys and creating 4 modified pages.","16","0",,"4","0","0","-9223372036854775808","11799","Microsoft-Windows-Kernel-General","a68ca8b7-004f-d7b6-a698-07e2de0f1f5d","System","1256","3104","DESKTOP-06BBDHU","S-1-5-18","6/11/2024 2:05:31 PM",,,"System","System.UInt32[]","System.Diagnostics.Eventing.Reader.EventBookmark","Information","Info",,"System.Collections.ObjectModel.ReadOnlyCollection`1[System.String]","System.Collections.Generic.List`1[System.Diagnostics.Eventing.Reader.EventProperty]"
"The access history in hive \??\C:\Users\MACHENIKE\AppData\Local\Packages\MicrosoftWindows.Client.CBS_cw5n1h2txyewy\Settings\settings.dat was cleared updating 16 keys and creating 6 modified pages.","16","0",,"4","0","0","-9223372036854775808","11798","Microsoft-Windows-Kernel-General","a68ca8b7-004f-d7b6-a698-07e2de0f1f5d","System","11000","11144","DESKTOP-06BBDHU","S-1-5-18","6/11/2024 2:05:31 PM",,,"System","System.UInt32[]","System.Diagnostics.Eventing.Reader.EventBookmark","Information","Info",,"System.Collections.ObjectModel.ReadOnlyCollection`1[System.String]","System.Collections.Generic.List`1[System.Diagnostics.Eventing.Reader.EventProperty]"
"The TBS device identifier has been generated.","1282","0",,"4","0","0","-9223372036854775808","11797","Microsoft-Windows-TPM-WMI","7d5387b0-cbe0-11da-a94d-0800200c9a66","System","6360","8448","DESKTOP-06BBDHU","S-1-5-18","6/11/2024 2:05:30 PM",,,"System","System.UInt32[]","System.Diagnostics.Eventing.Reader.EventBookmark","Information","Info",,"System.Collections.ObjectModel.ReadOnlyCollection`1[System.String]","System.Collections.Generic.List`1[System.Diagnostics.Eventing.Reader.EventProperty]"
"The start type of the Background Intelligent Transfer Service service was changed from demand start to auto start.","7040","0","16384","4","0","0","-9187343239835811840","11796","Service Control Manager","555908d1-a6d7-4695-8e1e-26931d2012f4","System","1036","1204","DESKTOP-06BBDHU","S-1-5-18","6/11/2024 2:05:27 PM",,,"System","System.UInt32[]","System.Diagnostics.Eventing.Reader.EventBookmark","Information",,,"System.Collections.ObjectModel.ReadOnlyCollection`1[System.String]","System.Collections.Generic.List`1[System.Diagnostics.Eventing.Reader.EventProperty]"
"Hive \??\C:\Users\MACHENIKE\AppData\Local\Microsoft\Windows\UsrClass.dat was reorganized with a starting size of 7229440 bytes and an ending size of 7208960 bytes.","15","0",,"4","10","0","-9223372036854775808","11795","Microsoft-Windows-Kernel-General","a68ca8b7-004f-d7b6-a698-07e2de0f1f5d","System","1700","1828","DESKTOP-06BBDHU","S-1-5-18","6/11/2024 2:05:27 PM",,,"System","System.UInt32[]","System.Diagnostics.Eventing.Reader.EventBookmark","Information","Info",,"System.Collections.ObjectModel.ReadOnlyCollection`1[System.String]","System.Collections.Generic.List`1[System.Diagnostics.Eventing.Reader.EventProperty]"
"Hive \??\C:\Users\MACHENIKE\ntuser.dat was reorganized with a starting size of 14974976 bytes and an ending size of 14422016 bytes.","15","0",,"4","10","0","-9223372036854775808","11794","Microsoft-Windows-Kernel-General","a68ca8b7-004f-d7b6-a698-07e2de0f1f5d","System","1700","1828","DESKTOP-06BBDHU","S-1-5-18","6/11/2024 2:05:27 PM",,,"System","System.UInt32[]","System.Diagnostics.Eventing.Reader.EventBookmark","Information","Info",,"System.Collections.ObjectModel.ReadOnlyCollection`1[System.String]","System.Collections.Generic.List`1[System.Diagnostics.Eventing.Reader.EventProperty]"
"User Logon Notification for Customer Experience Improvement Program","7001","0",,"4","1101","0","2305878193585782784","11793","Microsoft-Windows-Winlogon","dbe9b383-7cf3-4331-91cc-a3cb16a3b538","System","1128","1500","DESKTOP-06BBDHU","S-1-5-18","6/11/2024 2:05:26 PM",,,"System","System.UInt32[]","System.Diagnostics.Eventing.Reader.EventBookmark","Information","Info",,"System.Collections.ObjectModel.ReadOnlyCollection`1[System.String]","System.Collections.Generic.List`1[System.Diagnostics.Eventing.Reader.EventProperty]"
"This event triggers the Trusted Platform Module (TPM) provisioning/status check to run.","18","0",,"4","0","0","-9223372036854775808","11792","TPM","1b6b0772-251b-4d42-917d-faca166bc059","System","4","408","DESKTOP-06BBDHU","S-1-5-18","6/11/2024 2:05:25 PM",,,"System","System.UInt32[]","System.Diagnostics.Eventing.Reader.EventBookmark","Information","Info",,"System.Collections.ObjectModel.ReadOnlyCollection`1[System.String]","System.Collections.Generic.List`1[System.Diagnostics.Eventing.Reader.EventProperty]"
"The following boot-start or system-start driver(s) did not load: 
dam
WinSetupMon","7026","0","49152","4","0","0","-9187343239835811840","11791","Service Control Manager","555908d1-a6d7-4695-8e1e-26931d2012f4","System","1036","1040","DESKTOP-06BBDHU",,"6/11/2024 2:05:25 PM",,,"System","System.UInt32[]","System.Diagnostics.Eventing.Reader.EventBookmark","Information",,,"System.Collections.ObjectModel.ReadOnlyCollection`1[System.String]","System.Collections.Generic.List`1[System.Diagnostics.Eventing.Reader.EventProperty]"
"The GoogleUpdaterService124.0.6315.0 service failed to start due to the following error: 
The system cannot find the file specified.","7000","0","49152","2","0","0","-9187343239835811840","11790","Service Control Manager","555908d1-a6d7-4695-8e1e-26931d2012f4","System","1036","4936","DESKTOP-06BBDHU",,"6/11/2024 2:05:24 PM",,,"System","System.UInt32[]","System.Diagnostics.Eventing.Reader.EventBookmark","Error",,,"System.Collections.ObjectModel.ReadOnlyCollection`1[System.String]","System.Collections.Generic.List`1[System.Diagnostics.Eventing.Reader.EventProperty]"
"The GoogleUpdaterInternalService124.0.6315.0 service failed to start due to the following error: 
The system cannot find the file specified.","7000","0","49152","2","0","0","-9187343239835811840","11789","Service Control Manager","555908d1-a6d7-4695-8e1e-26931d2012f4","System","1036","4924","DESKTOP-06BBDHU",,"6/11/2024 2:05:24 PM",,,"System","System.UInt32[]","System.Diagnostics.Eventing.Reader.EventBookmark","Error",,,"System.Collections.ObjectModel.ReadOnlyCollection`1[System.String]","System.Collections.Generic.List`1[System.Diagnostics.Eventing.Reader.EventProperty]"
"The GoogleUpdaterInternalService123.0.6288.0 service failed to start due to the following error: 
The system cannot find the file specified.","7000","0","49152","2","0","0","-9187343239835811840","11788","Service Control Manager","555908d1-a6d7-4695-8e1e-26931d2012f4","System","1036","4920","DESKTOP-06BBDHU",,"6/11/2024 2:05:24 PM",,,"System","System.UInt32[]","System.Diagnostics.Eventing.Reader.EventBookmark","Error",,,"System.Collections.ObjectModel.ReadOnlyCollection`1[System.String]","System.Collections.Generic.List`1[System.Diagnostics.Eventing.Reader.EventProperty]"
"The GoogleUpdaterService123.0.6288.0 service failed to start due to the following error: 
The system cannot find the file specified.","7000","0","49152","2","0","0","-9187343239835811840","11787","Service Control Manager","555908d1-a6d7-4695-8e1e-26931d2012f4","System","1036","4932","DESKTOP-06BBDHU",,"6/11/2024 2:05:24 PM",,,"System","System.UInt32[]","System.Diagnostics.Eventing.Reader.EventBookmark","Error",,,"System.Collections.ObjectModel.ReadOnlyCollection`1[System.String]","System.Collections.Generic.List`1[System.Diagnostics.Eventing.Reader.EventProperty]"
"WLAN Extensibility Module has successfully started.

Module Path: C:\WINDOWS\system32\IntelIHVRouter08.dll
","10001","0",,"4","0","0","4611686018427387904","11786","Microsoft-Windows-WLAN-AutoConfig","9580d7dd-0379-4658-9870-d5be7d52d6de","System","4016","4076","DESKTOP-06BBDHU","S-1-5-18","6/11/2024 2:05:24 PM",,,"System","System.UInt32[]","System.Diagnostics.Eventing.Reader.EventBookmark","Information","Info",,"System.Collections.ObjectModel.ReadOnlyCollection`1[System.String]","System.Collections.Generic.List`1[System.Diagnostics.Eventing.Reader.EventProperty]"
"WLAN AutoConfig service has successfully started.
","4000","0",,"4","0","1","4611686018427387904","11785","Microsoft-Windows-WLAN-AutoConfig","9580d7dd-0379-4658-9870-d5be7d52d6de","System","4016","4076","DESKTOP-06BBDHU","S-1-5-18","6/11/2024 2:05:24 PM",,,"System","System.UInt32[]","System.Diagnostics.Eventing.Reader.EventBookmark","Information","Start",,"System.Collections.ObjectModel.ReadOnlyCollection`1[System.String]","System.Collections.Generic.List`1[System.Diagnostics.Eventing.Reader.EventProperty]"
"Touch/Touchpad Hardware Quality Assurance verification succeeded.","267","0","16384","4","0","0","36028797018963968","11784","Win32k",,"System","4","84","DESKTOP-06BBDHU",,"6/11/2024 2:05:24 PM",,,"System","System.UInt32[]","System.Diagnostics.Eventing.Reader.EventBookmark","Information",,,"System.Collections.ObjectModel.ReadOnlyCollection`1[System.String]","System.Collections.Generic.List`1[System.Diagnostics.Eventing.Reader.EventProperty]"
"Attempted to reserve URL http://+:10247/apps/. Status 0x0. Process Id 0x4 Executable path , User S-1-5-18","112","0",,"4","3","121","4611686018427387905","11783","Microsoft-Windows-HttpService","dd5ef90a-6398-47a4-ad34-4dcecdef795f","System","4","84","DESKTOP-06BBDHU","S-1-5-18","6/11/2024 2:05:24 PM",,,"System","System.UInt32[]","System.Diagnostics.Eventing.Reader.EventBookmark","Information","ResvUrlV2","HTTP Setup Trace Task","System.Collections.ObjectModel.ReadOnlyCollection`1[System.String]","System.Collections.Generic.List`1[System.Diagnostics.Eventing.Reader.EventProperty]"
"Attempted to reserve URL http://+:10246/MDEServer/. Status 0x0. Process Id 0x4 Executable path , User S-1-5-18","112","0",,"4","3","121","4611686018427387905","11782","Microsoft-Windows-HttpService","dd5ef90a-6398-47a4-ad34-4dcecdef795f","System","4","84","DESKTOP-06BBDHU","S-1-5-18","6/11/2024 2:05:24 PM",,,"System","System.UInt32[]","System.Diagnostics.Eventing.Reader.EventBookmark","Information","ResvUrlV2","HTTP Setup Trace Task","System.Collections.ObjectModel.ReadOnlyCollection`1[System.String]","System.Collections.Generic.List`1[System.Diagnostics.Eventing.Reader.EventProperty]"
"Attempted to reserve URL http://+:3387/rdp/. Status 0x0. Process Id 0x4 Executable path , User S-1-5-18","112","0",,"4","3","121","4611686018427387905","11781","Microsoft-Windows-HttpService","dd5ef90a-6398-47a4-ad34-4dcecdef795f","System","4","84","DESKTOP-06BBDHU","S-1-5-18","6/11/2024 2:05:24 PM",,,"System","System.UInt32[]","System.Diagnostics.Eventing.Reader.EventBookmark","Information","ResvUrlV2","HTTP Setup Trace Task","System.Collections.ObjectModel.ReadOnlyCollection`1[System.String]","System.Collections.Generic.List`1[System.Diagnostics.Eventing.Reader.EventProperty]"
"Attempted to reserve URL https://+:3392/rdp/. Status 0x0. Process Id 0x4 Executable path , User S-1-5-18","112","0",,"4","3","121","4611686018427387905","11780","Microsoft-Windows-HttpService","dd5ef90a-6398-47a4-ad34-4dcecdef795f","System","4","84","DESKTOP-06BBDHU","S-1-5-18","6/11/2024 2:05:24 PM",,,"System","System.UInt32[]","System.Diagnostics.Eventing.Reader.EventBookmark","Information","ResvUrlV2","HTTP Setup Trace Task","System.Collections.ObjectModel.ReadOnlyCollection`1[System.String]","System.Collections.Generic.List`1[System.Diagnostics.Eventing.Reader.EventProperty]"
"Attempted to reserve URL http://+:10243/WMPNSSv4/. Status 0x0. Process Id 0x4 Executable path , User S-1-5-18","112","0",,"4","3","121","4611686018427387905","11779","Microsoft-Windows-HttpService","dd5ef90a-6398-47a4-ad34-4dcecdef795f","System","4","84","DESKTOP-06BBDHU","S-1-5-18","6/11/2024 2:05:24 PM",,,"System","System.UInt32[]","System.Diagnostics.Eventing.Reader.EventBookmark","Information","ResvUrlV2","HTTP Setup Trace Task","System.Collections.ObjectModel.ReadOnlyCollection`1[System.String]","System.Collections.Generic.List`1[System.Diagnostics.Eventing.Reader.EventProperty]"
"Attempted to reserve URL https://+:10245/WMPNSSv4/. Status 0x0. Process Id 0x4 Executable path , User S-1-5-18","112","0",,"4","3","121","4611686018427387905","11778","Microsoft-Windows-HttpService","dd5ef90a-6398-47a4-ad34-4dcecdef795f","System","4","84","DESKTOP-06BBDHU","S-1-5-18","6/11/2024 2:05:24 PM",,,"System","System.UInt32[]","System.Diagnostics.Eventing.Reader.EventBookmark","Information","ResvUrlV2","HTTP Setup Trace Task","System.Collections.ObjectModel.ReadOnlyCollection`1[System.String]","System.Collections.Generic.List`1[System.Diagnostics.Eventing.Reader.EventProperty]"
"Attempted to reserve URL https://+:443/sra_{BA195980-CD49-458b-9E23-C84EE0ADCD75}/. Status 0x0. Process Id 0x4 Executable path , User S-1-5-18","112","0",,"4","3","121","4611686018427387905","11777","Microsoft-Windows-HttpService","dd5ef90a-6398-47a4-ad34-4dcecdef795f","System","4","84","DESKTOP-06BBDHU","S-1-5-18","6/11/2024 2:05:24 PM",,,"System","System.UInt32[]","System.Diagnostics.Eventing.Reader.EventBookmark","Information","ResvUrlV2","HTTP Setup Trace Task","System.Collections.ObjectModel.ReadOnlyCollection`1[System.String]","System.Collections.Generic.List`1[System.Diagnostics.Eventing.Reader.EventProperty]"
"Attempted to reserve URL http://+:80/116B50EB-ECE2-41ac-8429-9F9E963361B7/. Status 0x0. Process Id 0x4 Executable path , User S-1-5-18","112","0",,"4","3","121","4611686018427387905","11776","Microsoft-Windows-HttpService","dd5ef90a-6398-47a4-ad34-4dcecdef795f","System","4","84","DESKTOP-06BBDHU","S-1-5-18","6/11/2024 2:05:24 PM",,,"System","System.UInt32[]","System.Diagnostics.Eventing.Reader.EventBookmark","Information","ResvUrlV2","HTTP Setup Trace Task","System.Collections.ObjectModel.ReadOnlyCollection`1[System.String]","System.Collections.Generic.List`1[System.Diagnostics.Eventing.Reader.EventProperty]"
"Attempted to reserve URL https://+:443/C574AC30-5794-4AEE-B1BB-6651C5315029/. Status 0x0. Process Id 0x4 Executable path , User S-1-5-18","112","0",,"4","3","121","4611686018427387905","11775","Microsoft-Windows-HttpService","dd5ef90a-6398-47a4-ad34-4dcecdef795f","System","4","84","DESKTOP-06BBDHU","S-1-5-18","6/11/2024 2:05:24 PM",,,"System","System.UInt32[]","System.Diagnostics.Eventing.Reader.EventBookmark","Information","ResvUrlV2","HTTP Setup Trace Task","System.Collections.ObjectModel.ReadOnlyCollection`1[System.String]","System.Collections.Generic.List`1[System.Diagnostics.Eventing.Reader.EventProperty]"
"Attempted to reserve URL http://+:80/0131501b-d67f-491b-9a40-c4bf27bcb4d4/. Status 0x0. Process Id 0x4 Executable path , User S-1-5-18","112","0",,"4","3","121","4611686018427387905","11774","Microsoft-Windows-HttpService","dd5ef90a-6398-47a4-ad34-4dcecdef795f","System","4","84","DESKTOP-06BBDHU","S-1-5-18","6/11/2024 2:05:24 PM",,,"System","System.UInt32[]","System.Diagnostics.Eventing.Reader.EventBookmark","Information","ResvUrlV2","HTTP Setup Trace Task","System.Collections.ObjectModel.ReadOnlyCollection`1[System.String]","System.Collections.Generic.List`1[System.Diagnostics.Eventing.Reader.EventProperty]"
"Attempted to reserve URL http://*:2869/. Status 0x0. Process Id 0x4 Executable path , User S-1-5-18","112","0",,"4","3","121","4611686018427387905","11773","Microsoft-Windows-HttpService","dd5ef90a-6398-47a4-ad34-4dcecdef795f","System","4","84","DESKTOP-06BBDHU","S-1-5-18","6/11/2024 2:05:24 PM",,,"System","System.UInt32[]","System.Diagnostics.Eventing.Reader.EventBookmark","Information","ResvUrlV2","HTTP Setup Trace Task","System.Collections.ObjectModel.ReadOnlyCollection`1[System.String]","System.Collections.Generic.List`1[System.Diagnostics.Eventing.Reader.EventProperty]"
"Attempted to reserve URL http://+:5985/wsman/. Status 0x0. Process Id 0x4 Executable path , User S-1-5-18","112","0",,"4","3","121","4611686018427387905","11772","Microsoft-Windows-HttpService","dd5ef90a-6398-47a4-ad34-4dcecdef795f","System","4","84","DESKTOP-06BBDHU","S-1-5-18","6/11/2024 2:05:24 PM",,,"System","System.UInt32[]","System.Diagnostics.Eventing.Reader.EventBookmark","Information","ResvUrlV2","HTTP Setup Trace Task","System.Collections.ObjectModel.ReadOnlyCollection`1[System.String]","System.Collections.Generic.List`1[System.Diagnostics.Eventing.Reader.EventProperty]"
"Attempted to reserve URL http://+:47001/wsman/. Status 0x0. Process Id 0x4 Executable path , User S-1-5-18","112","0",,"4","3","121","4611686018427387905","11771","Microsoft-Windows-HttpService","dd5ef90a-6398-47a4-ad34-4dcecdef795f","System","4","84","DESKTOP-06BBDHU","S-1-5-18","6/11/2024 2:05:24 PM",,,"System","System.UInt32[]","System.Diagnostics.Eventing.Reader.EventBookmark","Information","ResvUrlV2","HTTP Setup Trace Task","System.Collections.ObjectModel.ReadOnlyCollection`1[System.String]","System.Collections.Generic.List`1[System.Diagnostics.Eventing.Reader.EventProperty]"
"Attempted to reserve URL https://+:5986/wsman/. Status 0x0. Process Id 0x4 Executable path , User S-1-5-18","112","0",,"4","3","121","4611686018427387905","11770","Microsoft-Windows-HttpService","dd5ef90a-6398-47a4-ad34-4dcecdef795f","System","4","84","DESKTOP-06BBDHU","S-1-5-18","6/11/2024 2:05:24 PM",,,"System","System.UInt32[]","System.Diagnostics.Eventing.Reader.EventBookmark","Information","ResvUrlV2","HTTP Setup Trace Task","System.Collections.ObjectModel.ReadOnlyCollection`1[System.String]","System.Collections.Generic.List`1[System.Diagnostics.Eventing.Reader.EventProperty]"
"Attempted to reserve URL https://*:5358/. Status 0x0. Process Id 0x4 Executable path , User S-1-5-18","112","0",,"4","3","121","4611686018427387905","11769","Microsoft-Windows-HttpService","dd5ef90a-6398-47a4-ad34-4dcecdef795f","System","4","84","DESKTOP-06BBDHU","S-1-5-18","6/11/2024 2:05:24 PM",,,"System","System.UInt32[]","System.Diagnostics.Eventing.Reader.EventBookmark","Information","ResvUrlV2","HTTP Setup Trace Task","System.Collections.ObjectModel.ReadOnlyCollection`1[System.String]","System.Collections.Generic.List`1[System.Diagnostics.Eventing.Reader.EventProperty]"
"Attempted to reserve URL http://+:80/Temporary_Listen_Addresses/. Status 0x0. Process Id 0x4 Executable path , User S-1-5-18","112","0",,"4","3","121","4611686018427387905","11768","Microsoft-Windows-HttpService","dd5ef90a-6398-47a4-ad34-4dcecdef795f","System","4","84","DESKTOP-06BBDHU","S-1-5-18","6/11/2024 2:05:24 PM",,,"System","System.UInt32[]","System.Diagnostics.Eventing.Reader.EventBookmark","Information","ResvUrlV2","HTTP Setup Trace Task","System.Collections.ObjectModel.ReadOnlyCollection`1[System.String]","System.Collections.Generic.List`1[System.Diagnostics.Eventing.Reader.EventProperty]"
"Attempted to reserve URL http://*:5357/. Status 0x0. Process Id 0x4 Executable path , User S-1-5-18","112","0",,"4","3","121","4611686018427387905","11767","Microsoft-Windows-HttpService","dd5ef90a-6398-47a4-ad34-4dcecdef795f","System","4","84","DESKTOP-06BBDHU","S-1-5-18","6/11/2024 2:05:24 PM",,,"System","System.UInt32[]","System.Diagnostics.Eventing.Reader.EventBookmark","Information","ResvUrlV2","HTTP Setup Trace Task","System.Collections.ObjectModel.ReadOnlyCollection`1[System.String]","System.Collections.Generic.List`1[System.Diagnostics.Eventing.Reader.EventProperty]"
"DHCPv6 client service is started","51046","0",,"4","4","62","2305843009213693952","11766","Microsoft-Windows-DHCPv6-Client","6a1f2b00-6a90-4c38-95a5-5cab3b056778","System","3500","3616","DESKTOP-06BBDHU","S-1-5-19","6/11/2024 2:05:24 PM",,,"System","System.UInt32[]","System.Diagnostics.Eventing.Reader.EventBookmark","Information","ServiceStart","Service State Event","System.Collections.ObjectModel.ReadOnlyCollection`1[System.String]","System.Collections.Generic.List`1[System.Diagnostics.Eventing.Reader.EventProperty]"
"DHCPv4 client service is started","50036","0",,"4","4","68","2305843009213693952","11765","Microsoft-Windows-Dhcp-Client","15a7a4f8-0072-4eab-abad-f98a4d666aed","System","3500","3552","DESKTOP-06BBDHU","S-1-5-19","6/11/2024 2:05:24 PM",,,"System","System.UInt32[]","System.Diagnostics.Eventing.Reader.EventBookmark","Information","ServiceStart","Service State Event","System.Collections.ObjectModel.ReadOnlyCollection`1[System.String]","System.Collections.Generic.List`1[System.Diagnostics.Eventing.Reader.EventProperty]"
"DHCPv4 client registered for shutdown notification","50103","0",,"4","4","129","2305843009213693952","11764","Microsoft-Windows-Dhcp-Client","15a7a4f8-0072-4eab-abad-f98a4d666aed","System","3500","3552","DESKTOP-06BBDHU","S-1-5-19","6/11/2024 2:05:24 PM",,,"System","System.UInt32[]","System.Diagnostics.Eventing.Reader.EventBookmark","Information","ServiceShutdown","Service State Event","System.Collections.ObjectModel.ReadOnlyCollection`1[System.String]","System.Collections.Generic.List`1[System.Diagnostics.Eventing.Reader.EventProperty]"
"DHCPv4 client service is started","50036","0",,"4","4","68","2305843009213693952","11763","Microsoft-Windows-Dhcp-Client","15a7a4f8-0072-4eab-abad-f98a4d666aed","System","3500","3552","DESKTOP-06BBDHU","S-1-5-19","6/11/2024 2:05:24 PM",,,"System","System.UInt32[]","System.Diagnostics.Eventing.Reader.EventBookmark","Information","ServiceStart","Service State Event","System.Collections.ObjectModel.ReadOnlyCollection`1[System.String]","System.Collections.Generic.List`1[System.Diagnostics.Eventing.Reader.EventProperty]"
"The event logging service encountered an error while initializing publishing resources for channel Microsoft-RMS-MSIPC/Debug. If channel type is Analytic or Debug, then this could mean there was an error initializing logging resources as well.","22","0",,"2","100","0","-9223372036854644736","11762","Microsoft-Windows-Eventlog","fc65ddd8-d6ef-4962-83d5-6e5cfe9ce148","System","2876","2960","DESKTOP-06BBDHU","S-1-5-19","6/11/2024 2:05:23 PM",,,"System","System.UInt32[]","System.Diagnostics.Eventing.Reader.EventBookmark","Error","Info","Service startup","System.Collections.ObjectModel.ReadOnlyCollection`1[System.String]","System.Collections.Generic.List`1[System.Diagnostics.Eventing.Reader.EventProperty]"
"The access history in hive \SystemRoot\System32\Config\bbimigrate\BBI was cleared updating 1 keys and creating 1 modified pages.","16","0",,"4","0","0","-9223372036854775808","11761","Microsoft-Windows-Kernel-General","a68ca8b7-004f-d7b6-a698-07e2de0f1f5d","System","1256","1340","DESKTOP-06BBDHU","S-1-5-18","6/11/2024 2:05:23 PM",,,"System","System.UInt32[]","System.Diagnostics.Eventing.Reader.EventBookmark","Information","Info",,"System.Collections.ObjectModel.ReadOnlyCollection`1[System.String]","System.Collections.Generic.List`1[System.Diagnostics.Eventing.Reader.EventProperty]"
"File System Filter 'bindflt' (10.0, ?2032?-?10?-?20T09:22:30.000000000Z) has successfully loaded and registered with Filter Manager.","6","0",,"4","0","0","-9223372036854775808","11760","Microsoft-Windows-FilterManager","f3c5e28e-63f6-49c7-a204-e48a1bc4b09d","System","4","340","DESKTOP-06BBDHU","S-1-5-18","6/11/2024 2:05:23 PM",,,"System","System.UInt32[]","System.Diagnostics.Eventing.Reader.EventBookmark","Information","Info",,"System.Collections.ObjectModel.ReadOnlyCollection`1[System.String]","System.Collections.Generic.List`1[System.Diagnostics.Eventing.Reader.EventProperty]"
"File System Filter 'storqosflt' (10.0, ?2039?-?04?-?22T09:36:38.000000000Z) has successfully loaded and registered with Filter Manager.","6","0",,"4","0","0","-9223372036854775808","11759","Microsoft-Windows-FilterManager","f3c5e28e-63f6-49c7-a204-e48a1bc4b09d","System","4","192","DESKTOP-06BBDHU","S-1-5-18","6/11/2024 2:05:23 PM",,,"System","System.UInt32[]","System.Diagnostics.Eventing.Reader.EventBookmark","Information","Info",,"System.Collections.ObjectModel.ReadOnlyCollection`1[System.String]","System.Collections.Generic.List`1[System.Diagnostics.Eventing.Reader.EventProperty]"
"File System Filter 'CldFlt' (10.0, ?2090?-?03?-?31T11:26:48.000000000Z) has successfully loaded and registered with Filter Manager.","6","0",,"4","0","0","-9223372036854775808","11758","Microsoft-Windows-FilterManager","f3c5e28e-63f6-49c7-a204-e48a1bc4b09d","System","4","348","DESKTOP-06BBDHU","S-1-5-18","6/11/2024 2:05:23 PM",,,"System","System.UInt32[]","System.Diagnostics.Eventing.Reader.EventBookmark","Information","Info",,"System.Collections.ObjectModel.ReadOnlyCollection`1[System.String]","System.Collections.Generic.List`1[System.Diagnostics.Eventing.Reader.EventProperty]"
"File System Filter 'CldFlt' (Version 10.0, ?2090?-?03?-?31T11:26:48.000000000Z) unloaded successfully.","1","0",,"4","0","0","-9223372036854775808","11757","Microsoft-Windows-FilterManager","f3c5e28e-63f6-49c7-a204-e48a1bc4b09d","System","4","348","DESKTOP-06BBDHU","S-1-5-18","6/11/2024 2:05:23 PM",,,"System","System.UInt32[]","System.Diagnostics.Eventing.Reader.EventBookmark","Information","Info",,"System.Collections.ObjectModel.ReadOnlyCollection`1[System.String]","System.Collections.Generic.List`1[System.Diagnostics.Eventing.Reader.EventProperty]"
"File System Filter 'CldFlt' (10.0, ?2090?-?03?-?31T11:26:48.000000000Z) has successfully loaded and registered with Filter Manager.","6","0",,"4","0","0","-9223372036854775808","11756","Microsoft-Windows-FilterManager","f3c5e28e-63f6-49c7-a204-e48a1bc4b09d","System","4","348","DESKTOP-06BBDHU","S-1-5-18","6/11/2024 2:05:23 PM",,,"System","System.UInt32[]","System.Diagnostics.Eventing.Reader.EventBookmark","Information","Info",,"System.Collections.ObjectModel.ReadOnlyCollection`1[System.String]","System.Collections.Generic.List`1[System.Diagnostics.Eventing.Reader.EventProperty]"
"File System Filter 'luafv' (10.0, ?2059?-?02?-?13T17:28:11.000000000Z) has successfully loaded and registered with Filter Manager.","6","0",,"4","0","0","-9223372036854775808","11755","Microsoft-Windows-FilterManager","f3c5e28e-63f6-49c7-a204-e48a1bc4b09d","System","4","348","DESKTOP-06BBDHU","S-1-5-18","6/11/2024 2:05:23 PM",,,"System","System.UInt32[]","System.Diagnostics.Eventing.Reader.EventBookmark","Information","Info",,"System.Collections.ObjectModel.ReadOnlyCollection`1[System.String]","System.Collections.Generic.List`1[System.Diagnostics.Eventing.Reader.EventProperty]"
"File System Filter 'wcifs' (10.0, ?2065?-?03?-?02T14:54:53.000000000Z) has successfully loaded and registered with Filter Manager.","6","0",,"4","0","0","-9223372036854775808","11754","Microsoft-Windows-FilterManager","f3c5e28e-63f6-49c7-a204-e48a1bc4b09d","System","4","192","DESKTOP-06BBDHU","S-1-5-18","6/11/2024 2:05:23 PM",,,"System","System.UInt32[]","System.Diagnostics.Eventing.Reader.EventBookmark","Information","Info",,"System.Collections.ObjectModel.ReadOnlyCollection`1[System.String]","System.Collections.Generic.List`1[System.Diagnostics.Eventing.Reader.EventProperty]"
"File System Filter 'bfs' (10.0, ?1970?-?07?-?19T19:36:58.000000000Z) has successfully loaded and registered with Filter Manager.","6","0",,"4","0","0","-9223372036854775808","11753","Microsoft-Windows-FilterManager","f3c5e28e-63f6-49c7-a204-e48a1bc4b09d","System","4","344","DESKTOP-06BBDHU","S-1-5-18","6/11/2024 2:05:23 PM",,,"System","System.UInt32[]","System.Diagnostics.Eventing.Reader.EventBookmark","Information","Info",,"System.Collections.ObjectModel.ReadOnlyCollection`1[System.String]","System.Collections.Generic.List`1[System.Diagnostics.Eventing.Reader.EventProperty]"
"The access history in hive \??\C:\WINDOWS\ServiceProfiles\LocalService\NTUSER.DAT was cleared updating 144 keys and creating 20 modified pages.","16","0",,"4","0","0","-9223372036854775808","11752","Microsoft-Windows-Kernel-General","a68ca8b7-004f-d7b6-a698-07e2de0f1f5d","System","1036","1240","DESKTOP-06BBDHU","S-1-5-18","6/11/2024 2:05:23 PM",,,"System","System.UInt32[]","System.Diagnostics.Eventing.Reader.EventBookmark","Information","Info",,"System.Collections.ObjectModel.ReadOnlyCollection`1[System.String]","System.Collections.Generic.List`1[System.Diagnostics.Eventing.Reader.EventProperty]"
"The access history in hive \SystemRoot\System32\Config\BBI was cleared updating 311 keys and creating 91 modified pages.","16","0",,"4","0","0","-9223372036854775808","11751","Microsoft-Windows-Kernel-General","a68ca8b7-004f-d7b6-a698-07e2de0f1f5d","System","1256","1340","DESKTOP-06BBDHU","S-1-5-18","6/11/2024 2:05:23 PM",,,"System","System.UInt32[]","System.Diagnostics.Eventing.Reader.EventBookmark","Information","Info",,"System.Collections.ObjectModel.ReadOnlyCollection`1[System.String]","System.Collections.Generic.List`1[System.Diagnostics.Eventing.Reader.EventProperty]"
"The access history in hive \??\C:\WINDOWS\ServiceProfiles\NetworkService\NTUSER.DAT was cleared updating 178 keys and creating 22 modified pages.","16","0",,"4","0","0","-9223372036854775808","11750","Microsoft-Windows-Kernel-General","a68ca8b7-004f-d7b6-a698-07e2de0f1f5d","System","1036","1040","DESKTOP-06BBDHU","S-1-5-18","6/11/2024 2:05:22 PM",,,"System","System.UInt32[]","System.Diagnostics.Eventing.Reader.EventBookmark","Information","Info",,"System.Collections.ObjectModel.ReadOnlyCollection`1[System.String]","System.Collections.Generic.List`1[System.Diagnostics.Eventing.Reader.EventProperty]"
"The security account manager is now logging periodic summary events for remote clients that call legacy password change or set RPC methods.

For more information please see https://go.microsoft.com/fwlink/?linkid=2150956.
","16983","0",,"4","0","0","-9223372036854775808","11749","Microsoft-Windows-Directory-Services-SAM","0d4fdc09-8c27-494a-bda0-505e4fd8adae","System","1060","1064","DESKTOP-06BBDHU","S-1-5-18","6/11/2024 2:05:22 PM","5224910d-bbc5-0006-ee91-2452c5bbda01",,"System","System.UInt32[]","System.Diagnostics.Eventing.Reader.EventBookmark","Information","Info",,"System.Collections.ObjectModel.ReadOnlyCollection`1[System.String]","System.Collections.Generic.List`1[System.Diagnostics.Eventing.Reader.EventProperty]"
"The domain is configured with the following minimum password length-related settings.

MinimumPasswordLength: 0

RelaxMinimumPasswordLengthLimits: 0

MinimumPasswordLengthAudit: -1

For more information see https://go.microsoft.com/fwlink/?LinkId=2097191.
","16977","0",,"4","0","0","-9223372036854775808","11748","Microsoft-Windows-Directory-Services-SAM","0d4fdc09-8c27-494a-bda0-505e4fd8adae","System","1060","1064","DESKTOP-06BBDHU","S-1-5-18","6/11/2024 2:05:22 PM","5224910d-bbc5-0006-ee91-2452c5bbda01",,"System","System.UInt32[]","System.Diagnostics.Eventing.Reader.EventBookmark","Information","Info",,"System.Collections.ObjectModel.ReadOnlyCollection`1[System.String]","System.Collections.Generic.List`1[System.Diagnostics.Eventing.Reader.EventProperty]"
"The access history in hive \SystemRoot\System32\Config\SAM was cleared updating 67 keys and creating 7 modified pages.","16","0",,"4","0","0","-9223372036854775808","11747","Microsoft-Windows-Kernel-General","a68ca8b7-004f-d7b6-a698-07e2de0f1f5d","System","176","776","DESKTOP-06BBDHU","S-1-5-18","6/11/2024 2:05:22 PM",,,"System","System.UInt32[]","System.Diagnostics.Eventing.Reader.EventBookmark","Information","Info",,"System.Collections.ObjectModel.ReadOnlyCollection`1[System.String]","System.Collections.Generic.List`1[System.Diagnostics.Eventing.Reader.EventProperty]"
"Remote calls to the SAM database are being restricted using the default security descriptor: O:SYG:SYD:(A;;RC;;;BA).
For more information please see http://go.microsoft.com/fwlink/?LinkId=787651.","16962","0",,"4","0","0","-9223372036854775808","11746","Microsoft-Windows-Directory-Services-SAM","0d4fdc09-8c27-494a-bda0-505e4fd8adae","System","1060","1064","DESKTOP-06BBDHU","S-1-5-18","6/11/2024 2:05:22 PM","5224910d-bbc5-0006-ee91-2452c5bbda01",,"System","System.UInt32[]","System.Diagnostics.Eventing.Reader.EventBookmark","Information","Info",,"System.Collections.ObjectModel.ReadOnlyCollection`1[System.String]","System.Collections.Generic.List`1[System.Diagnostics.Eventing.Reader.EventProperty]"
"LSA package is not signed as expected. This can cause unexpected behavior with Credential Guard.

PackageName: msv1_0","6155","0",,"3","0","0","-9223372036854775808","11745","LsaSrv","199fe037-2b82-40a9-82ac-e1d46c792b99","System","1060","1064","DESKTOP-06BBDHU","S-1-5-18","6/11/2024 2:05:22 PM","5224910d-bbc5-0006-ee91-2452c5bbda01",,"System","System.UInt32[]","System.Diagnostics.Eventing.Reader.EventBookmark","Warning","Info",,"System.Collections.ObjectModel.ReadOnlyCollection`1[System.String]","System.Collections.Generic.List`1[System.Diagnostics.Eventing.Reader.EventProperty]"
"LSA package is not signed as expected. This can cause unexpected behavior with Credential Guard.

PackageName: sfapm","6155","0",,"3","0","0","-9223372036854775808","11744","LsaSrv","199fe037-2b82-40a9-82ac-e1d46c792b99","System","1060","1064","DESKTOP-06BBDHU","S-1-5-18","6/11/2024 2:05:22 PM","5224910d-bbc5-0006-ee91-2452c5bbda01",,"System","System.UInt32[]","System.Diagnostics.Eventing.Reader.EventBookmark","Warning","Info",,"System.Collections.ObjectModel.ReadOnlyCollection`1[System.String]","System.Collections.Generic.List`1[System.Diagnostics.Eventing.Reader.EventProperty]"
"LSA package is not signed as expected. This can cause unexpected behavior with Credential Guard.

PackageName: schannel","6155","0",,"3","0","0","-9223372036854775808","11743","LsaSrv","199fe037-2b82-40a9-82ac-e1d46c792b99","System","1060","1064","DESKTOP-06BBDHU","S-1-5-18","6/11/2024 2:05:22 PM","5224910d-bbc5-0006-ee91-2452c5bbda01",,"System","System.UInt32[]","System.Diagnostics.Eventing.Reader.EventBookmark","Warning","Info",,"System.Collections.ObjectModel.ReadOnlyCollection`1[System.String]","System.Collections.Generic.List`1[System.Diagnostics.Eventing.Reader.EventProperty]"
"LSA package is not signed as expected. This can cause unexpected behavior with Credential Guard.

PackageName: wdigest","6155","0",,"3","0","0","-9223372036854775808","11742","LsaSrv","199fe037-2b82-40a9-82ac-e1d46c792b99","System","1060","1064","DESKTOP-06BBDHU","S-1-5-18","6/11/2024 2:05:22 PM","5224910d-bbc5-0006-ee91-2452c5bbda01",,"System","System.UInt32[]","System.Diagnostics.Eventing.Reader.EventBookmark","Warning","Info",,"System.Collections.ObjectModel.ReadOnlyCollection`1[System.String]","System.Collections.Generic.List`1[System.Diagnostics.Eventing.Reader.EventProperty]"
"Touch/Touchpad Hardware Quality Assurance verification succeeded.","267","0","16384","4","0","0","36028797018963968","11741","Win32k",,"System","4","340","DESKTOP-06BBDHU",,"6/11/2024 2:05:22 PM",,,"System","System.UInt32[]","System.Diagnostics.Eventing.Reader.EventBookmark","Information",,,"System.Collections.ObjectModel.ReadOnlyCollection`1[System.String]","System.Collections.Generic.List`1[System.Diagnostics.Eventing.Reader.EventProperty]"
"LSA package is not signed as expected. This can cause unexpected behavior with Credential Guard.

PackageName: cloudap","6155","0",,"3","0","0","-9223372036854775808","11740","LsaSrv","199fe037-2b82-40a9-82ac-e1d46c792b99","System","1060","1064","DESKTOP-06BBDHU","S-1-5-18","6/11/2024 2:05:22 PM","5224910d-bbc5-0006-ee91-2452c5bbda01",,"System","System.UInt32[]","System.Diagnostics.Eventing.Reader.EventBookmark","Warning","Info",,"System.Collections.ObjectModel.ReadOnlyCollection`1[System.String]","System.Collections.Generic.List`1[System.Diagnostics.Eventing.Reader.EventProperty]"
"LSA package is not signed as expected. This can cause unexpected behavior with Credential Guard.

PackageName: pku2u","6155","0",,"3","0","0","-9223372036854775808","11739","LsaSrv","199fe037-2b82-40a9-82ac-e1d46c792b99","System","1060","1064","DESKTOP-06BBDHU","S-1-5-18","6/11/2024 2:05:22 PM","5224910d-bbc5-0006-ee91-2452c5bbda01",,"System","System.UInt32[]","System.Diagnostics.Eventing.Reader.EventBookmark","Warning","Info",,"System.Collections.ObjectModel.ReadOnlyCollection`1[System.String]","System.Collections.Generic.List`1[System.Diagnostics.Eventing.Reader.EventProperty]"
"LSA package is not signed as expected. This can cause unexpected behavior with Credential Guard.

PackageName: tspkg","6155","0",,"3","0","0","-9223372036854775808","11738","LsaSrv","199fe037-2b82-40a9-82ac-e1d46c792b99","System","1060","1064","DESKTOP-06BBDHU","S-1-5-18","6/11/2024 2:05:22 PM","5224910d-bbc5-0006-ee91-2452c5bbda01",,"System","System.UInt32[]","System.Diagnostics.Eventing.Reader.EventBookmark","Warning","Info",,"System.Collections.ObjectModel.ReadOnlyCollection`1[System.String]","System.Collections.Generic.List`1[System.Diagnostics.Eventing.Reader.EventProperty]"
"LSA package is not signed as expected. This can cause unexpected behavior with Credential Guard.

PackageName: msv1_0","6155","0",,"3","0","0","-9223372036854775808","11737","LsaSrv","199fe037-2b82-40a9-82ac-e1d46c792b99","System","1060","1064","DESKTOP-06BBDHU","S-1-5-18","6/11/2024 2:05:22 PM",,,"System","System.UInt32[]","System.Diagnostics.Eventing.Reader.EventBookmark","Warning","Info",,"System.Collections.ObjectModel.ReadOnlyCollection`1[System.String]","System.Collections.Generic.List`1[System.Diagnostics.Eventing.Reader.EventProperty]"
"LSA package is not signed as expected. This can cause unexpected behavior with Credential Guard.

PackageName: kerberos","6155","0",,"3","0","0","-9223372036854775808","11736","LsaSrv","199fe037-2b82-40a9-82ac-e1d46c792b99","System","1060","1064","DESKTOP-06BBDHU","S-1-5-18","6/11/2024 2:05:22 PM",,,"System","System.UInt32[]","System.Diagnostics.Eventing.Reader.EventBookmark","Warning","Info",,"System.Collections.ObjectModel.ReadOnlyCollection`1[System.String]","System.Collections.Generic.List`1[System.Diagnostics.Eventing.Reader.EventProperty]"
"LSA package is not signed as expected. This can cause unexpected behavior with Credential Guard.

PackageName: negoexts","6155","0",,"3","0","0","-9223372036854775808","11735","LsaSrv","199fe037-2b82-40a9-82ac-e1d46c792b99","System","1060","1064","DESKTOP-06BBDHU","S-1-5-18","6/11/2024 2:05:22 PM",,,"System","System.UInt32[]","System.Diagnostics.Eventing.Reader.EventBookmark","Warning","Info",,"System.Collections.ObjectModel.ReadOnlyCollection`1[System.String]","System.Collections.Generic.List`1[System.Diagnostics.Eventing.Reader.EventProperty]"
"The access history in hive \SystemRoot\System32\Config\SECURITY was cleared updating 75 keys and creating 5 modified pages.","16","0",,"4","0","0","-9223372036854775808","11734","Microsoft-Windows-Kernel-General","a68ca8b7-004f-d7b6-a698-07e2de0f1f5d","System","176","760","DESKTOP-06BBDHU","S-1-5-18","6/11/2024 2:05:22 PM",,,"System","System.UInt32[]","System.Diagnostics.Eventing.Reader.EventBookmark","Information","Info",,"System.Collections.ObjectModel.ReadOnlyCollection`1[System.String]","System.Collections.Generic.List`1[System.Diagnostics.Eventing.Reader.EventProperty]"
"Virtualization Based Security for Credential Guard auto enablement status.

Hardware Requirements:	1
Domain Joined:	0
Azure AD Joined:	0","6156","0",,"4","0","0","-9223372036854775808","11733","LsaSrv","199fe037-2b82-40a9-82ac-e1d46c792b99","System","1060","1064","DESKTOP-06BBDHU","S-1-5-18","6/11/2024 2:05:22 PM",,,"System","System.UInt32[]","System.Diagnostics.Eventing.Reader.EventBookmark","Information","Info",,"System.Collections.ObjectModel.ReadOnlyCollection`1[System.String]","System.Collections.Generic.List`1[System.Diagnostics.Eventing.Reader.EventProperty]"
"Credential Guard and/or VBS Key Isolation are configured but the secure kernel is not running; continuing without them.","15","0",,"3","0","0","4611686018427387904","11732","Microsoft-Windows-Wininit","206f6dea-d3c5-4d10-bc72-989f03c8b84b","System","700","756","DESKTOP-06BBDHU","S-1-5-18","6/11/2024 2:05:22 PM",,,"System","System.UInt32[]","System.Diagnostics.Eventing.Reader.EventBookmark","Warning","Info",,"System.Collections.ObjectModel.ReadOnlyCollection`1[System.String]","System.Collections.Generic.List`1[System.Diagnostics.Eventing.Reader.EventProperty]"
"Credential Guard configuration:

Registry Configuration: 0x2
Test Configuration: 0
Auto Enablement: 1","14","0",,"4","0","0","4611686018427387904","11731","Microsoft-Windows-Wininit","206f6dea-d3c5-4d10-bc72-989f03c8b84b","System","700","756","DESKTOP-06BBDHU","S-1-5-18","6/11/2024 2:05:22 PM",,,"System","System.UInt32[]","System.Diagnostics.Eventing.Reader.EventBookmark","Information","Info",,"System.Collections.ObjectModel.ReadOnlyCollection`1[System.String]","System.Collections.Generic.List`1[System.Diagnostics.Eventing.Reader.EventProperty]"
"7017 - secure boot (SB) configuration","7017","0","16384","4","0","0","36028797018963968","11730","Netwtw08",,"System","4","340","DESKTOP-06BBDHU",,"6/11/2024 2:05:17 PM",,,"System","System.UInt32[]","System.Diagnostics.Eventing.Reader.EventBookmark","Information",,,"System.Collections.ObjectModel.ReadOnlyCollection`1[System.String]","System.Collections.Generic.List`1[System.Diagnostics.Eventing.Reader.EventProperty]"
"7010 - driver enabled (miniport init)","7010","0","16384","4","0","0","36028797018963968","11729","Netwtw08",,"System","4","340","DESKTOP-06BBDHU",,"6/11/2024 2:05:17 PM",,,"System","System.UInt32[]","System.Diagnostics.Eventing.Reader.EventBookmark","Information",,,"System.Collections.ObjectModel.ReadOnlyCollection`1[System.String]","System.Collections.Generic.List`1[System.Diagnostics.Eventing.Reader.EventProperty]"
"Intel(R) Management Engine Interface driver has started successfully.","2","0","16391","4","0","0","36028797018963968","11728","MEIx64",,"System","4","340","DESKTOP-06BBDHU",,"6/11/2024 2:05:17 PM",,,"System","System.UInt32[]","System.Diagnostics.Eventing.Reader.EventBookmark","Information",,,"System.Collections.ObjectModel.ReadOnlyCollection`1[System.String]","System.Collections.Generic.List`1[System.Diagnostics.Eventing.Reader.EventProperty]"
"7002 - CTDP power limit value (SPLC)","7002","0","16384","4","0","0","36028797018963968","11727","Netwtw08",,"System","4","348","DESKTOP-06BBDHU",,"6/11/2024 2:05:17 PM",,,"System","System.UInt32[]","System.Diagnostics.Eventing.Reader.EventBookmark","Information",,,"System.Collections.ObjectModel.ReadOnlyCollection`1[System.String]","System.Collections.Generic.List`1[System.Diagnostics.Eventing.Reader.EventProperty]"
"7005 - SAR value max TX power (WRDS)","7005","0","16384","4","0","0","36028797018963968","11726","Netwtw08",,"System","4","348","DESKTOP-06BBDHU",,"6/11/2024 2:05:17 PM",,,"System","System.UInt32[]","System.Diagnostics.Eventing.Reader.EventBookmark","Information",,,"System.Collections.ObjectModel.ReadOnlyCollection`1[System.String]","System.Collections.Generic.List`1[System.Diagnostics.Eventing.Reader.EventProperty]"
"The \Device\NDMP4 service entered the Intel(R) Wi-Fi 6 AX201 160MHz state.","7036","0","16384","4","0","0","36028797018963968","11725","Netwtw08",,"System","4","348","DESKTOP-06BBDHU",,"6/11/2024 2:05:17 PM",,,"System","System.UInt32[]","System.Diagnostics.Eventing.Reader.EventBookmark","Information",,,"System.Collections.ObjectModel.ReadOnlyCollection`1[System.String]","System.Collections.Generic.List`1[System.Diagnostics.Eventing.Reader.EventProperty]"
"Active battery count change.","521","0",,"4","220","0","-9223372036854774780","11724","Microsoft-Windows-Kernel-Power","331c3b3a-2005-44c2-ac5e-77220c37d6b4","System","4","144","DESKTOP-06BBDHU","S-1-5-18","6/11/2024 2:05:17 PM",,,"System","System.UInt32[]","System.Diagnostics.Eventing.Reader.EventBookmark","Information","Info",,"System.Collections.ObjectModel.ReadOnlyCollection`1[System.String]","System.Collections.Generic.List`1[System.Diagnostics.Eventing.Reader.EventProperty]"
"Power source change.","105","1",,"4","100","0","-9223372036854774780","11723","Microsoft-Windows-Kernel-Power","331c3b3a-2005-44c2-ac5e-77220c37d6b4","System","4","144","DESKTOP-06BBDHU","S-1-5-18","6/11/2024 2:05:17 PM",,,"System","System.UInt32[]","System.Diagnostics.Eventing.Reader.EventBookmark","Information","Info",,"System.Collections.ObjectModel.ReadOnlyCollection`1[System.String]","System.Collections.Generic.List`1[System.Diagnostics.Eventing.Reader.EventProperty]"
"Active battery count change.","521","0",,"4","220","0","-9223372036854774780","11722","Microsoft-Windows-Kernel-Power","331c3b3a-2005-44c2-ac5e-77220c37d6b4","System","4","340","DESKTOP-06BBDHU","S-1-5-18","6/11/2024 2:05:17 PM",,,"System","System.UInt32[]","System.Diagnostics.Eventing.Reader.EventBookmark","Information","Info",,"System.Collections.ObjectModel.ReadOnlyCollection`1[System.String]","System.Collections.Generic.List`1[System.Diagnostics.Eventing.Reader.EventProperty]"
"Processor 11 in group 0 exposes the following power management capabilities:

Idle state type: ACPI Idle (C) States (3 state(s))

