Performance state type: ACPI Collaborative Processor Performance Control
Nominal Frequency (MHz): 2592
Maximum performance percentage: 184
Minimum performance percentage: 50
Minimum throttle percentage: 3","55","0",,"4","47","0","-9223372036854775808","11721","Microsoft-Windows-Kernel-Processor-Power","0f67e49f-fe51-4e9f-b490-6f2948cc6027","System","4","336","DESKTOP-06BBDHU","S-1-5-18","6/11/2024 2:05:17 PM",,,"System","System.UInt32[]","System.Diagnostics.Eventing.Reader.EventBookmark","Information","Info",,"System.Collections.ObjectModel.ReadOnlyCollection`1[System.String]","System.Collections.Generic.List`1[System.Diagnostics.Eventing.Reader.EventProperty]"
"Processor 9 in group 0 exposes the following power management capabilities:

Idle state type: ACPI Idle (C) States (3 state(s))

Performance state type: ACPI Collaborative Processor Performance Control
Nominal Frequency (MHz): 2592
Maximum performance percentage: 184
Minimum performance percentage: 50
Minimum throttle percentage: 3","55","0",,"4","47","0","-9223372036854775808","11720","Microsoft-Windows-Kernel-Processor-Power","0f67e49f-fe51-4e9f-b490-6f2948cc6027","System","4","336","DESKTOP-06BBDHU","S-1-5-18","6/11/2024 2:05:17 PM",,,"System","System.UInt32[]","System.Diagnostics.Eventing.Reader.EventBookmark","Information","Info",,"System.Collections.ObjectModel.ReadOnlyCollection`1[System.String]","System.Collections.Generic.List`1[System.Diagnostics.Eventing.Reader.EventProperty]"
"Processor 7 in group 0 exposes the following power management capabilities:

Idle state type: ACPI Idle (C) States (3 state(s))

Performance state type: ACPI Collaborative Processor Performance Control
Nominal Frequency (MHz): 2592
Maximum performance percentage: 184
Minimum performance percentage: 50
Minimum throttle percentage: 3","55","0",,"4","47","0","-9223372036854775808","11719","Microsoft-Windows-Kernel-Processor-Power","0f67e49f-fe51-4e9f-b490-6f2948cc6027","System","4","336","DESKTOP-06BBDHU","S-1-5-18","6/11/2024 2:05:17 PM",,,"System","System.UInt32[]","System.Diagnostics.Eventing.Reader.EventBookmark","Information","Info",,"System.Collections.ObjectModel.ReadOnlyCollection`1[System.String]","System.Collections.Generic.List`1[System.Diagnostics.Eventing.Reader.EventProperty]"
"Processor 5 in group 0 exposes the following power management capabilities:

Idle state type: ACPI Idle (C) States (3 state(s))

Performance state type: ACPI Collaborative Processor Performance Control
Nominal Frequency (MHz): 2592
Maximum performance percentage: 184
Minimum performance percentage: 50
Minimum throttle percentage: 3","55","0",,"4","47","0","-9223372036854775808","11718","Microsoft-Windows-Kernel-Processor-Power","0f67e49f-fe51-4e9f-b490-6f2948cc6027","System","4","336","DESKTOP-06BBDHU","S-1-5-18","6/11/2024 2:05:17 PM",,,"System","System.UInt32[]","System.Diagnostics.Eventing.Reader.EventBookmark","Information","Info",,"System.Collections.ObjectModel.ReadOnlyCollection`1[System.String]","System.Collections.Generic.List`1[System.Diagnostics.Eventing.Reader.EventProperty]"
"Processor 3 in group 0 exposes the following power management capabilities:

Idle state type: ACPI Idle (C) States (3 state(s))

Performance state type: ACPI Collaborative Processor Performance Control
Nominal Frequency (MHz): 2592
Maximum performance percentage: 192
Minimum performance percentage: 50
Minimum throttle percentage: 3","55","0",,"4","47","0","-9223372036854775808","11717","Microsoft-Windows-Kernel-Processor-Power","0f67e49f-fe51-4e9f-b490-6f2948cc6027","System","4","336","DESKTOP-06BBDHU","S-1-5-18","6/11/2024 2:05:17 PM",,,"System","System.UInt32[]","System.Diagnostics.Eventing.Reader.EventBookmark","Information","Info",,"System.Collections.ObjectModel.ReadOnlyCollection`1[System.String]","System.Collections.Generic.List`1[System.Diagnostics.Eventing.Reader.EventProperty]"
"Processor 1 in group 0 exposes the following power management capabilities:

Idle state type: ACPI Idle (C) States (3 state(s))

Performance state type: ACPI Collaborative Processor Performance Control
Nominal Frequency (MHz): 2592
Maximum performance percentage: 192
Minimum performance percentage: 53
Minimum throttle percentage: 3","55","0",,"4","47","0","-9223372036854775808","11716","Microsoft-Windows-Kernel-Processor-Power","0f67e49f-fe51-4e9f-b490-6f2948cc6027","System","4","336","DESKTOP-06BBDHU","S-1-5-18","6/11/2024 2:05:17 PM",,,"System","System.UInt32[]","System.Diagnostics.Eventing.Reader.EventBookmark","Information","Info",,"System.Collections.ObjectModel.ReadOnlyCollection`1[System.String]","System.Collections.Generic.List`1[System.Diagnostics.Eventing.Reader.EventProperty]"
"Processor 10 in group 0 exposes the following power management capabilities:

Idle state type: ACPI Idle (C) States (3 state(s))

Performance state type: ACPI Collaborative Processor Performance Control
Nominal Frequency (MHz): 2592
Maximum performance percentage: 184
Minimum performance percentage: 53
Minimum throttle percentage: 3","55","0",,"4","47","0","-9223372036854775808","11715","Microsoft-Windows-Kernel-Processor-Power","0f67e49f-fe51-4e9f-b490-6f2948cc6027","System","4","336","DESKTOP-06BBDHU","S-1-5-18","6/11/2024 2:05:17 PM",,,"System","System.UInt32[]","System.Diagnostics.Eventing.Reader.EventBookmark","Information","Info",,"System.Collections.ObjectModel.ReadOnlyCollection`1[System.String]","System.Collections.Generic.List`1[System.Diagnostics.Eventing.Reader.EventProperty]"
"Processor 8 in group 0 exposes the following power management capabilities:

Idle state type: ACPI Idle (C) States (3 state(s))

Performance state type: ACPI Collaborative Processor Performance Control
Nominal Frequency (MHz): 2592
Maximum performance percentage: 184
Minimum performance percentage: 53
Minimum throttle percentage: 3","55","0",,"4","47","0","-9223372036854775808","11714","Microsoft-Windows-Kernel-Processor-Power","0f67e49f-fe51-4e9f-b490-6f2948cc6027","System","4","336","DESKTOP-06BBDHU","S-1-5-18","6/11/2024 2:05:17 PM",,,"System","System.UInt32[]","System.Diagnostics.Eventing.Reader.EventBookmark","Information","Info",,"System.Collections.ObjectModel.ReadOnlyCollection`1[System.String]","System.Collections.Generic.List`1[System.Diagnostics.Eventing.Reader.EventProperty]"
"Processor 6 in group 0 exposes the following power management capabilities:

Idle state type: ACPI Idle (C) States (3 state(s))

Performance state type: ACPI Collaborative Processor Performance Control
Nominal Frequency (MHz): 2592
Maximum performance percentage: 184
Minimum performance percentage: 53
Minimum throttle percentage: 3","55","0",,"4","47","0","-9223372036854775808","11713","Microsoft-Windows-Kernel-Processor-Power","0f67e49f-fe51-4e9f-b490-6f2948cc6027","System","4","336","DESKTOP-06BBDHU","S-1-5-18","6/11/2024 2:05:17 PM",,,"System","System.UInt32[]","System.Diagnostics.Eventing.Reader.EventBookmark","Information","Info",,"System.Collections.ObjectModel.ReadOnlyCollection`1[System.String]","System.Collections.Generic.List`1[System.Diagnostics.Eventing.Reader.EventProperty]"
"Processor 4 in group 0 exposes the following power management capabilities:

Idle state type: ACPI Idle (C) States (3 state(s))

Performance state type: ACPI Collaborative Processor Performance Control
Nominal Frequency (MHz): 2592
Maximum performance percentage: 184
Minimum performance percentage: 53
Minimum throttle percentage: 3","55","0",,"4","47","0","-9223372036854775808","11712","Microsoft-Windows-Kernel-Processor-Power","0f67e49f-fe51-4e9f-b490-6f2948cc6027","System","4","336","DESKTOP-06BBDHU","S-1-5-18","6/11/2024 2:05:17 PM",,,"System","System.UInt32[]","System.Diagnostics.Eventing.Reader.EventBookmark","Information","Info",,"System.Collections.ObjectModel.ReadOnlyCollection`1[System.String]","System.Collections.Generic.List`1[System.Diagnostics.Eventing.Reader.EventProperty]"
"Processor 2 in group 0 exposes the following power management capabilities:

Idle state type: ACPI Idle (C) States (3 state(s))

Performance state type: ACPI Collaborative Processor Performance Control
Nominal Frequency (MHz): 2592
Maximum performance percentage: 192
Minimum performance percentage: 53
Minimum throttle percentage: 3","55","0",,"4","47","0","-9223372036854775808","11711","Microsoft-Windows-Kernel-Processor-Power","0f67e49f-fe51-4e9f-b490-6f2948cc6027","System","4","336","DESKTOP-06BBDHU","S-1-5-18","6/11/2024 2:05:17 PM",,,"System","System.UInt32[]","System.Diagnostics.Eventing.Reader.EventBookmark","Information","Info",,"System.Collections.ObjectModel.ReadOnlyCollection`1[System.String]","System.Collections.Generic.List`1[System.Diagnostics.Eventing.Reader.EventProperty]"
"Processor 0 in group 0 exposes the following power management capabilities:

Idle state type: ACPI Idle (C) States (3 state(s))

Performance state type: ACPI Collaborative Processor Performance Control
Nominal Frequency (MHz): 2592
Maximum performance percentage: 192
Minimum performance percentage: 57
Minimum throttle percentage: 3","55","0",,"4","47","0","-9223372036854775808","11710","Microsoft-Windows-Kernel-Processor-Power","0f67e49f-fe51-4e9f-b490-6f2948cc6027","System","4","336","DESKTOP-06BBDHU","S-1-5-18","6/11/2024 2:05:17 PM",,,"System","System.UInt32[]","System.Diagnostics.Eventing.Reader.EventBookmark","Information","Info",,"System.Collections.ObjectModel.ReadOnlyCollection`1[System.String]","System.Collections.Generic.List`1[System.Diagnostics.Eventing.Reader.EventProperty]"
"The access history in hive \Device\HarddiskVolume1\EFI\Microsoft\Boot\BCD was cleared updating 65 keys and creating 8 modified pages.","16","0",,"4","0","0","-9223372036854775808","11709","Microsoft-Windows-Kernel-General","a68ca8b7-004f-d7b6-a698-07e2de0f1f5d","System","680","684","DESKTOP-06BBDHU","S-1-5-18","6/11/2024 2:05:17 PM",,,"System","System.UInt32[]","System.Diagnostics.Eventing.Reader.EventBookmark","Information","Info",,"System.Collections.ObjectModel.ReadOnlyCollection`1[System.String]","System.Collections.Generic.List`1[System.Diagnostics.Eventing.Reader.EventProperty]"
"The access history in hive \SystemRoot\System32\Config\DEFAULT was cleared updating 620 keys and creating 87 modified pages.","16","0",,"4","0","0","-9223372036854775808","11708","Microsoft-Windows-Kernel-General","a68ca8b7-004f-d7b6-a698-07e2de0f1f5d","System","176","772","DESKTOP-06BBDHU","S-1-5-18","6/11/2024 2:05:16 PM",,,"System","System.UInt32[]","System.Diagnostics.Eventing.Reader.EventBookmark","Information","Info",,"System.Collections.ObjectModel.ReadOnlyCollection`1[System.String]","System.Collections.Generic.List`1[System.Diagnostics.Eventing.Reader.EventProperty]"
"The time zone information was refreshed with exit reason 0. Current time zone bias is -480.","24","0",,"4","11","0","-9223372036854775792","11707","Microsoft-Windows-Kernel-General","a68ca8b7-004f-d7b6-a698-07e2de0f1f5d","System","176","796","DESKTOP-06BBDHU","S-1-5-18","6/11/2024 2:05:16 PM",,,"System","System.UInt32[]","System.Diagnostics.Eventing.Reader.EventBookmark","Information","Info",,"System.Collections.ObjectModel.ReadOnlyCollection`1[System.String]","System.Collections.Generic.List`1[System.Diagnostics.Eventing.Reader.EventProperty]"
"Hive \SystemRoot\System32\Config\SOFTWARE was reorganized with a starting size of 98816000 bytes and an ending size of 98500608 bytes.","15","0",,"4","10","0","-9223372036854775808","11706","Microsoft-Windows-Kernel-General","a68ca8b7-004f-d7b6-a698-07e2de0f1f5d","System","176","764","DESKTOP-06BBDHU","S-1-5-18","6/11/2024 2:05:16 PM",,,"System","System.UInt32[]","System.Diagnostics.Eventing.Reader.EventBookmark","Information","Info",,"System.Collections.ObjectModel.ReadOnlyCollection`1[System.String]","System.Collections.Generic.List`1[System.Diagnostics.Eventing.Reader.EventProperty]"
"The access history in hive \Device\HarddiskVolume1\EFI\Microsoft\Boot\BCD was cleared updating 65 keys and creating 8 modified pages.","16","0",,"4","0","0","-9223372036854775808","11705","Microsoft-Windows-Kernel-General","a68ca8b7-004f-d7b6-a698-07e2de0f1f5d","System","696","700","DESKTOP-06BBDHU","S-1-5-18","6/11/2024 2:05:14 PM",,,"System","System.UInt32[]","System.Diagnostics.Eventing.Reader.EventBookmark","Information","Info",,"System.Collections.ObjectModel.ReadOnlyCollection`1[System.String]","System.Collections.Generic.List`1[System.Diagnostics.Eventing.Reader.EventProperty]"
"Volume \\?\Volume{59c5e2c9-e4ca-4c87-969f-20757db3fa96} (\Device\HarddiskVolume5) is healthy.  No action is needed.","98","0",,"4","0","0","-9223372036854775806","11704","Microsoft-Windows-Ntfs","3ff37a1c-a68d-4d6e-8c9b-f79e8b16c482","System","4","144","DESKTOP-06BBDHU","S-1-5-18","6/11/2024 2:05:14 PM",,,"System","System.UInt32[]","System.Diagnostics.Eventing.Reader.EventBookmark","Information","Info",,"System.Collections.ObjectModel.ReadOnlyCollection`1[System.String]","System.Collections.Generic.List`1[System.Diagnostics.Eventing.Reader.EventProperty]"
"The access history in hive \Device\HarddiskVolume1\EFI\Microsoft\Boot\BCD was cleared updating 65 keys and creating 8 modified pages.","16","0",,"4","0","0","-9223372036854775808","11703","Microsoft-Windows-Kernel-General","a68ca8b7-004f-d7b6-a698-07e2de0f1f5d","System","696","700","DESKTOP-06BBDHU","S-1-5-18","6/11/2024 2:05:14 PM",,,"System","System.UInt32[]","System.Diagnostics.Eventing.Reader.EventBookmark","Information","Info",,"System.Collections.ObjectModel.ReadOnlyCollection`1[System.String]","System.Collections.Generic.List`1[System.Diagnostics.Eventing.Reader.EventProperty]"
"The access history in hive \Device\HarddiskVolume1\EFI\Microsoft\Boot\BCD was cleared updating 65 keys and creating 8 modified pages.","16","0",,"4","0","0","-9223372036854775808","11702","Microsoft-Windows-Kernel-General","a68ca8b7-004f-d7b6-a698-07e2de0f1f5d","System","696","700","DESKTOP-06BBDHU","S-1-5-18","6/11/2024 2:05:14 PM",,,"System","System.UInt32[]","System.Diagnostics.Eventing.Reader.EventBookmark","Information","Info",,"System.Collections.ObjectModel.ReadOnlyCollection`1[System.String]","System.Collections.Generic.List`1[System.Diagnostics.Eventing.Reader.EventProperty]"
"The access history in hive \Device\HarddiskVolume1\EFI\Microsoft\Boot\BCD was cleared updating 65 keys and creating 8 modified pages.","16","0",,"4","0","0","-9223372036854775808","11701","Microsoft-Windows-Kernel-General","a68ca8b7-004f-d7b6-a698-07e2de0f1f5d","System","696","700","DESKTOP-06BBDHU","S-1-5-18","6/11/2024 2:05:14 PM",,,"System","System.UInt32[]","System.Diagnostics.Eventing.Reader.EventBookmark","Information","Info",,"System.Collections.ObjectModel.ReadOnlyCollection`1[System.String]","System.Collections.Generic.List`1[System.Diagnostics.Eventing.Reader.EventProperty]"
"Volume \\?\Volume{51b4bf4f-e004-46e1-8731-b63041f7e509} (\Device\HarddiskVolume4) is healthy.  No action is needed.","98","0",,"4","0","0","-9223372036854775806","11700","Microsoft-Windows-Ntfs","3ff37a1c-a68d-4d6e-8c9b-f79e8b16c482","System","4","348","DESKTOP-06BBDHU","S-1-5-18","6/11/2024 2:05:14 PM",,,"System","System.UInt32[]","System.Diagnostics.Eventing.Reader.EventBookmark","Information","Info",,"System.Collections.ObjectModel.ReadOnlyCollection`1[System.String]","System.Collections.Generic.List`1[System.Diagnostics.Eventing.Reader.EventProperty]"
"Connectivity state in standby: Disconnected, Reason: NIC compliance","172","0",,"4","203","0","-9223372036854774780","11699","Microsoft-Windows-Kernel-Power","331c3b3a-2005-44c2-ac5e-77220c37d6b4","System","4","312","DESKTOP-06BBDHU","S-1-5-18","6/11/2024 2:05:14 PM",,,"System","System.UInt32[]","System.Diagnostics.Eventing.Reader.EventBookmark","Information","Info",,"System.Collections.ObjectModel.ReadOnlyCollection`1[System.String]","System.Collections.Generic.List`1[System.Diagnostics.Eventing.Reader.EventProperty]"
"The access history in hive \Device\HarddiskVolume1\EFI\Microsoft\Boot\BCD was cleared updating 65 keys and creating 8 modified pages.","16","0",,"4","0","0","-9223372036854775808","11698","Microsoft-Windows-Kernel-General","a68ca8b7-004f-d7b6-a698-07e2de0f1f5d","System","4","8","DESKTOP-06BBDHU","S-1-5-18","6/11/2024 2:05:14 PM",,,"System","System.UInt32[]","System.Diagnostics.Eventing.Reader.EventBookmark","Information","Info",,"System.Collections.ObjectModel.ReadOnlyCollection`1[System.String]","System.Collections.Generic.List`1[System.Diagnostics.Eventing.Reader.EventProperty]"
"ACPI thermal zone \_TZ.TZ00 has been enumerated.             
_PSV = 0K             
_TC1 = 0             
_TC2 = 0             
_TSP = 0ms             
_AC0 = 344K             
_AC1 = 328K             
_AC2 = 323K             
_AC3 = 318K             
_AC4 = 313K             
_AC5 = 0K             
_AC6 = 0K             
_AC7 = 0K             
_AC8 = 0K             
_AC9 = 0K             
_CRT = 392K             
_HOT = 0K             
minimum throttle = 0             
_CR3 = 0K","125","4",,"4","86","0","-9223372036854775776","11697","Microsoft-Windows-Kernel-Power","331c3b3a-2005-44c2-ac5e-77220c37d6b4","System","4","8","DESKTOP-06BBDHU","S-1-5-18","6/11/2024 2:05:14 PM",,,"System","System.UInt32[]","System.Diagnostics.Eventing.Reader.EventBookmark","Information","Info",,"System.Collections.ObjectModel.ReadOnlyCollection`1[System.String]","System.Collections.Generic.List`1[System.Diagnostics.Eventing.Reader.EventProperty]"
"ACPI thermal zone \_TZ.THRM has been enumerated.             
_PSV = 400K             
_TC1 = 0             
_TC2 = 0             
_TSP = 0ms             
_AC0 = 0K             
_AC1 = 0K             
_AC2 = 0K             
_AC3 = 0K             
_AC4 = 0K             
_AC5 = 0K             
_AC6 = 0K             
_AC7 = 0K             
_AC8 = 0K             
_AC9 = 0K             
_CRT = 400K             
_HOT = 0K             
minimum throttle = 0             
_CR3 = 0K","125","4",,"4","86","0","-9223372036854775776","11696","Microsoft-Windows-Kernel-Power","331c3b3a-2005-44c2-ac5e-77220c37d6b4","System","4","8","DESKTOP-06BBDHU","S-1-5-18","6/11/2024 2:05:14 PM",,,"System","System.UInt32[]","System.Diagnostics.Eventing.Reader.EventBookmark","Information","Info",,"System.Collections.ObjectModel.ReadOnlyCollection`1[System.String]","System.Collections.Generic.List`1[System.Diagnostics.Eventing.Reader.EventProperty]"
"File System Filter 'npsvctrig' (10.0, ?1979?-?12?-?20T00:12:41.000000000Z) has successfully loaded and registered with Filter Manager.","6","0",,"4","0","0","-9223372036854775808","11695","Microsoft-Windows-FilterManager","f3c5e28e-63f6-49c7-a204-e48a1bc4b09d","System","4","8","DESKTOP-06BBDHU","S-1-5-18","6/11/2024 2:05:13 PM",,,"System","System.UInt32[]","System.Diagnostics.Eventing.Reader.EventBookmark","Information","Info",,"System.Collections.ObjectModel.ReadOnlyCollection`1[System.String]","System.Collections.Generic.List`1[System.Diagnostics.Eventing.Reader.EventProperty]"
"File System Filter 'UCPD' (10.0, ?2053?-?03?-?18T19:17:45.000000000Z) has successfully loaded and registered with Filter Manager.","6","0",,"4","0","0","-9223372036854775808","11694","Microsoft-Windows-FilterManager","f3c5e28e-63f6-49c7-a204-e48a1bc4b09d","System","4","8","DESKTOP-06BBDHU","S-1-5-18","6/11/2024 2:05:13 PM",,,"System","System.UInt32[]","System.Diagnostics.Eventing.Reader.EventBookmark","Information","Info",,"System.Collections.ObjectModel.ReadOnlyCollection`1[System.String]","System.Collections.Generic.List`1[System.Diagnostics.Eventing.Reader.EventProperty]"
"File System Filter 'FileCrypt' (10.0, ?1983?-?08?-?19T10:58:35.000000000Z) has successfully loaded and registered with Filter Manager.","6","0",,"4","0","0","-9223372036854775808","11693","Microsoft-Windows-FilterManager","f3c5e28e-63f6-49c7-a204-e48a1bc4b09d","System","4","8","DESKTOP-06BBDHU","S-1-5-18","6/11/2024 2:05:13 PM",,,"System","System.UInt32[]","System.Diagnostics.Eventing.Reader.EventBookmark","Information","Info",,"System.Collections.ObjectModel.ReadOnlyCollection`1[System.String]","System.Collections.Generic.List`1[System.Diagnostics.Eventing.Reader.EventProperty]"
"Volume C: (\Device\HarddiskVolume3) is healthy.  No action is needed.","98","0",,"4","0","0","-9223372036854775806","11692","Microsoft-Windows-Ntfs","3ff37a1c-a68d-4d6e-8c9b-f79e8b16c482","System","4","332","DESKTOP-06BBDHU","S-1-5-18","6/11/2024 2:05:13 PM",,,"System","System.UInt32[]","System.Diagnostics.Eventing.Reader.EventBookmark","Information","Info",,"System.Collections.ObjectModel.ReadOnlyCollection`1[System.String]","System.Collections.Generic.List`1[System.Diagnostics.Eventing.Reader.EventProperty]"
"File System Filter 'WdFilter' (10.0, ?2055?-?04?-?21T04:48:29.000000000Z) has successfully loaded and registered with Filter Manager.","6","0",,"4","0","0","-9223372036854775808","11691","Microsoft-Windows-FilterManager","f3c5e28e-63f6-49c7-a204-e48a1bc4b09d","System","4","8","DESKTOP-06BBDHU","S-1-5-18","6/11/2024 2:05:13 PM",,,"System","System.UInt32[]","System.Diagnostics.Eventing.Reader.EventBookmark","Information","Info",,"System.Collections.ObjectModel.ReadOnlyCollection`1[System.String]","System.Collections.Generic.List`1[System.Diagnostics.Eventing.Reader.EventProperty]"
"File System Filter 'Wof' (10.0, ?2086?-?08?-?04T19:20:16.000000000Z) has successfully loaded and registered with Filter Manager.","6","0",,"4","0","0","-9223372036854775808","11690","Microsoft-Windows-FilterManager","f3c5e28e-63f6-49c7-a204-e48a1bc4b09d","System","4","8","DESKTOP-06BBDHU","S-1-5-18","6/11/2024 2:05:13 PM",,,"System","System.UInt32[]","System.Diagnostics.Eventing.Reader.EventBookmark","Information","Info",,"System.Collections.ObjectModel.ReadOnlyCollection`1[System.String]","System.Collections.Generic.List`1[System.Diagnostics.Eventing.Reader.EventProperty]"
"File System Filter 'FileInfo' (10.0, ?2079?-?02?-?27T06:03:00.000000000Z) has successfully loaded and registered with Filter Manager.","6","0",,"4","0","0","-9223372036854775808","11689","Microsoft-Windows-FilterManager","f3c5e28e-63f6-49c7-a204-e48a1bc4b09d","System","4","8","DESKTOP-06BBDHU","S-1-5-18","6/11/2024 2:05:13 PM",,,"System","System.UInt32[]","System.Diagnostics.Eventing.Reader.EventBookmark","Information","Info",,"System.Collections.ObjectModel.ReadOnlyCollection`1[System.String]","System.Collections.Generic.List`1[System.Diagnostics.Eventing.Reader.EventProperty]"
"The iommu fault reporting has been initialized.","16","0",,"4","0","0","-9223372036854775808","11688","Microsoft-Windows-HAL","63d1e632-95cc-4443-9312-af927761d52a","System","4","8","DESKTOP-06BBDHU","S-1-5-18","6/11/2024 2:05:12 PM",,,"System","System.UInt32[]","System.Diagnostics.Eventing.Reader.EventBookmark","Information","Info",,"System.Collections.ObjectModel.ReadOnlyCollection`1[System.String]","System.Collections.Generic.List`1[System.Diagnostics.Eventing.Reader.EventProperty]"
"The leap second configuration has been updated.
Reason: Leap second data initialized from registry during boot
Leap seconds enabled: true
New leap second count: 0
Old leap second count: 0","20","0",,"4","6","0","-9223372036854775792","11687","Microsoft-Windows-Kernel-General","a68ca8b7-004f-d7b6-a698-07e2de0f1f5d","System","4","8","DESKTOP-06BBDHU","S-1-5-18","6/11/2024 2:05:12 PM",,,"System","System.UInt32[]","System.Diagnostics.Eventing.Reader.EventBookmark","Information","Info",,"System.Collections.ObjectModel.ReadOnlyCollection`1[System.String]","System.Collections.Generic.List`1[System.Diagnostics.Eventing.Reader.EventProperty]"
"The firmware reported boot metrics.","30","0",,"4","21","0","-9223372036854775808","11686","Microsoft-Windows-Kernel-Boot","15ca44ff-4d7a-4baa-bba5-0998955e531e","System","4","8","DESKTOP-06BBDHU","S-1-5-18","6/11/2024 2:05:12 PM",,,"System","System.UInt32[]","System.Diagnostics.Eventing.Reader.EventBookmark","Information","Info",,"System.Collections.ObjectModel.ReadOnlyCollection`1[System.String]","System.Collections.Generic.List`1[System.Diagnostics.Eventing.Reader.EventProperty]"
"The boot type was 0x0.","27","1",,"4","33","0","-9223372036854775808","11685","Microsoft-Windows-Kernel-Boot","15ca44ff-4d7a-4baa-bba5-0998955e531e","System","4","8","DESKTOP-06BBDHU","S-1-5-18","6/11/2024 2:05:12 PM",,,"System","System.UInt32[]","System.Diagnostics.Eventing.Reader.EventBookmark","Information","Info",,"System.Collections.ObjectModel.ReadOnlyCollection`1[System.String]","System.Collections.Generic.List`1[System.Diagnostics.Eventing.Reader.EventProperty]"
"The boot menu policy was 0x1.","25","0",,"4","32","0","-9223372036854775808","11684","Microsoft-Windows-Kernel-Boot","15ca44ff-4d7a-4baa-bba5-0998955e531e","System","4","8","DESKTOP-06BBDHU","S-1-5-18","6/11/2024 2:05:12 PM",,,"System","System.UInt32[]","System.Diagnostics.Eventing.Reader.EventBookmark","Information","Info",,"System.Collections.ObjectModel.ReadOnlyCollection`1[System.String]","System.Collections.Generic.List`1[System.Diagnostics.Eventing.Reader.EventProperty]"
"EFI time zone bias: 2047. Daylight flags: 0. Firmware time: ?2024?-?06?-?11T14:05:11.000000000Z.","238","1",,"4","101","0","-9223372036854775808","11683","Microsoft-Windows-Kernel-Boot","15ca44ff-4d7a-4baa-bba5-0998955e531e","System","4","8","DESKTOP-06BBDHU","S-1-5-18","6/11/2024 2:05:12 PM",,,"System","System.UInt32[]","System.Diagnostics.Eventing.Reader.EventBookmark","Information","Info",,"System.Collections.ObjectModel.ReadOnlyCollection`1[System.String]","System.Collections.Generic.List`1[System.Diagnostics.Eventing.Reader.EventProperty]"
"The last shutdown's success status was true. The last boot's success status was true.","20","1",,"4","31","0","-9223372036854775808","11682","Microsoft-Windows-Kernel-Boot","15ca44ff-4d7a-4baa-bba5-0998955e531e","System","4","8","DESKTOP-06BBDHU","S-1-5-18","6/11/2024 2:05:12 PM",,,"System","System.UInt32[]","System.Diagnostics.Eventing.Reader.EventBookmark","Information","Info",,"System.Collections.ObjectModel.ReadOnlyCollection`1[System.String]","System.Collections.Generic.List`1[System.Diagnostics.Eventing.Reader.EventProperty]"
"The bootmgr spent 0 ms waiting for user input.","32","0",,"4","58","0","-9223372036854775808","11681","Microsoft-Windows-Kernel-Boot","15ca44ff-4d7a-4baa-bba5-0998955e531e","System","4","8","DESKTOP-06BBDHU","S-1-5-18","6/11/2024 2:05:12 PM",,,"System","System.UInt32[]","System.Diagnostics.Eventing.Reader.EventBookmark","Information","Info",,"System.Collections.ObjectModel.ReadOnlyCollection`1[System.String]","System.Collections.Generic.List`1[System.Diagnostics.Eventing.Reader.EventProperty]"
"There are 0x1 boot options on this system.","18","0",,"4","57","0","-9223372036854775808","11680","Microsoft-Windows-Kernel-Boot","15ca44ff-4d7a-4baa-bba5-0998955e531e","System","4","8","DESKTOP-06BBDHU","S-1-5-18","6/11/2024 2:05:12 PM",,,"System","System.UInt32[]","System.Diagnostics.Eventing.Reader.EventBookmark","Information","Info",,"System.Collections.ObjectModel.ReadOnlyCollection`1[System.String]","System.Collections.Generic.List`1[System.Diagnostics.Eventing.Reader.EventProperty]"
"Virtualization-based security (policies: 0) is disabled.","153","0",,"4","62","0","-9223372036854775808","11679","Microsoft-Windows-Kernel-Boot","15ca44ff-4d7a-4baa-bba5-0998955e531e","System","4","8","DESKTOP-06BBDHU","S-1-5-18","6/11/2024 2:05:12 PM",,,"System","System.UInt32[]","System.Diagnostics.Eventing.Reader.EventBookmark","Information","Info",,"System.Collections.ObjectModel.ReadOnlyCollection`1[System.String]","System.Collections.Generic.List`1[System.Diagnostics.Eventing.Reader.EventProperty]"
"The operating system started at system time ?2024?-?06?-?11T06:05:11.500000000Z.","12","0",,"4","1","0","-9223372036854775680","11678","Microsoft-Windows-Kernel-General","a68ca8b7-004f-d7b6-a698-07e2de0f1f5d","System","4","8","DESKTOP-06BBDHU","S-1-5-18","6/11/2024 2:05:12 PM",,,"System","System.UInt32[]","System.Diagnostics.Eventing.Reader.EventBookmark","Information","Info",,"System.Collections.ObjectModel.ReadOnlyCollection`1[System.String]","System.Collections.Generic.List`1[System.Diagnostics.Eventing.Reader.EventProperty]"
"The system uptime is 12 seconds.","6013","0","32768","4","0","0","36028797018963968","11670","EventLog",,"System","2876","2960","DESKTOP-06BBDHU",,"6/11/2024 2:05:23 PM",,,"System","System.UInt32[]","System.Diagnostics.Eventing.Reader.EventBookmark","Information",,,"System.Collections.ObjectModel.ReadOnlyCollection`1[System.String]","System.Collections.Generic.List`1[System.Diagnostics.Eventing.Reader.EventProperty]"
"The Event log service was started.","6005","0","32768","4","0","0","36028797018963968","11669","EventLog",,"System","2876","2960","DESKTOP-06BBDHU",,"6/11/2024 2:05:23 PM",,,"System","System.UInt32[]","System.Diagnostics.Eventing.Reader.EventBookmark","Information",,,"System.Collections.ObjectModel.ReadOnlyCollection`1[System.String]","System.Collections.Generic.List`1[System.Diagnostics.Eventing.Reader.EventProperty]"
"Microsoft (R) Windows (R) 10.00. 22631  Multiprocessor Free.","6009","0","32768","4","0","0","36028797018963968","11668","EventLog",,"System","2876","2960","DESKTOP-06BBDHU",,"6/11/2024 2:05:23 PM",,,"System","System.UInt32[]","System.Diagnostics.Eventing.Reader.EventBookmark","Information",,,"System.Collections.ObjectModel.ReadOnlyCollection`1[System.String]","System.Collections.Generic.List`1[System.Diagnostics.Eventing.Reader.EventProperty]"
